<?xml version="1.0" encoding="UTF-8"?>
<testng-results total="1" passed="1" failed="0" skipped="0">
  <reporter-output>
  </reporter-output>
  <suite started-at="2023-06-29T12:48:32Z" name="Default suite" finished-at="2023-06-29T12:48:35Z" duration-ms="3419">
    <groups>
    </groups>
    <test started-at="2023-06-29T12:48:32Z" name="Default test" finished-at="2023-06-29T12:48:35Z" duration-ms="3419">
      <class name="DynamicJson">
        <test-method signature="addBook()[pri:0, instance:DynamicJson@57a78e3]" started-at="2023-06-29T15:48:32Z" name="addBook" finished-at="2023-06-29T15:48:35Z" duration-ms="3395" status="PASS">
          <reporter-output>
          </reporter-output>
        </test-method> <!-- addBook -->
      </class> <!-- DynamicJson -->
    </test> <!-- Default test -->
  </suite> <!-- Default suite -->
</testng-results>
