<?xml version="1.0" encoding="UTF-8"?>
<testng-results total="3" passed="3" failed="0" skipped="0">
  <reporter-output>
  </reporter-output>
  <suite started-at="2023-07-03T11:01:08Z" name="Default suite" finished-at="2023-07-03T11:01:13Z" duration-ms="4927">
    <groups>
    </groups>
    <test started-at="2023-07-03T11:01:08Z" name="Default test" finished-at="2023-07-03T11:01:13Z" duration-ms="4927">
      <class name="DynamicJson">
        <test-method signature="addBook(java.lang.String, java.lang.String)[pri:0, instance:DynamicJson@cecf639]" started-at="2023-07-03T14:01:08Z" name="addBook" data-provider="books-data" finished-at="2023-07-03T14:01:11Z" duration-ms="3583" status="PASS">
          <params>
            <param index="0">
              <value>
                <![CDATA[tessfdfdasfde]]>
              </value>
            </param>
            <param index="1">
              <value>
                <![CDATA[11111utr]]>
              </value>
            </param>
          </params>
          <reporter-output>
          </reporter-output>
        </test-method> <!-- addBook -->
        <test-method signature="addBook(java.lang.String, java.lang.String)[pri:0, instance:DynamicJson@cecf639]" started-at="2023-07-03T14:01:11Z" name="addBook" data-provider="books-data" finished-at="2023-07-03T14:01:12Z" duration-ms="647" status="PASS">
          <params>
            <param index="0">
              <value>
                <![CDATA[dsddsasfde]]>
              </value>
            </param>
            <param index="1">
              <value>
                <![CDATA[222222gfdfgtr]]>
              </value>
            </param>
          </params>
          <reporter-output>
          </reporter-output>
        </test-method> <!-- addBook -->
        <test-method signature="addBook(java.lang.String, java.lang.String)[pri:0, instance:DynamicJson@cecf639]" started-at="2023-07-03T14:01:12Z" name="addBook" data-provider="books-data" finished-at="2023-07-03T14:01:13Z" duration-ms="669" status="PASS">
          <params>
            <param index="0">
              <value>
                <![CDATA[dfdfasfde]]>
              </value>
            </param>
            <param index="1">
              <value>
                <![CDATA[33333diutr]]>
              </value>
            </param>
          </params>
          <reporter-output>
          </reporter-output>
        </test-method> <!-- addBook -->
      </class> <!-- DynamicJson -->
    </test> <!-- Default test -->
  </suite> <!-- Default suite -->
</testng-results>
